{
  "RSpec": {
    "coverage": {
      "/Users/earltstephens/turing/1901_3module/projects/Terrificus/spec/models/vacation_spec.rb": [
        1,
        null,
        1,
        1,
        2,
        2,
        2,
        null,
        null,
        1,
        2,
        2,
        2,
        2,
        null,
        null
      ],
      "/Users/earltstephens/turing/1901_3module/projects/Terrificus/config/environment.rb": [
        null,
        1,
        null,
        null,
        1
      ],
      "/Users/earltstephens/turing/1901_3module/projects/Terrificus/config/application.rb": [
        1,
        null,
        1,
        null,
        1,
        1,
        1,
        1,
        1,
        1,
        1,
        1,
        1,
        null,
        null,
        null,
        null,
        1,
        null,
        1,
        1,
        null,
        1,
        null,
        null,
        null,
        null,
        null,
        null,
        null,
        1,
        null,
        null
      ],
      "/Users/earltstephens/turing/1901_3module/projects/Terrificus/config/boot.rb": [
        1,
        null,
        1,
        1
      ],
      "/Users/earltstephens/turing/1901_3module/projects/Terrificus/config/environments/test.rb": [
        1,
        null,
        null,
        null,
        null,
        null,
        null,
        1,
        null,
        null,
        null,
        null,
        1,
        null,
        null,
        1,
        1,
        null,
        null,
        null,
        null,
        1,
        1,
        null,
        null,
        1,
        null,
        null,
        1,
        null,
        null,
        1,
        null,
        1,
        null,
        null,
        null,
        null,
        1,
        null,
        null,
        1,
        null,
        null,
        null,
        null
      ],
      "/Users/earltstephens/turing/1901_3module/projects/Terrificus/config/initializers/application_controller_renderer.rb": [
        null,
        null,
        null,
        null,
        null,
        null,
        null,
        null
      ],
      "/Users/earltstephens/turing/1901_3module/projects/Terrificus/config/initializers/assets.rb": [
        null,
        null,
        null,
        1,
        null,
        null,
        null,
        null,
        1,
        null,
        null,
        null,
        null,
        null
      ],
      "/Users/earltstephens/turing/1901_3module/projects/Terrificus/config/initializers/backtrace_silencers.rb": [
        null,
        null,
        null,
        null,
        null,
        null,
        null
      ],
      "/Users/earltstephens/turing/1901_3module/projects/Terrificus/config/initializers/content_security_policy.rb": [
        null,
        null,
        null,
        null,
        null,
        null,
        null,
        null,
        null,
        null,
        null,
        null,
        null,
        null,
        null,
        null,
        null,
        null,
        null,
        null,
        null,
        null,
        null,
        null,
        null
      ],
      "/Users/earltstephens/turing/1901_3module/projects/Terrificus/config/initializers/cookies_serializer.rb": [
        null,
        null,
        null,
        null,
        1
      ],
      "/Users/earltstephens/turing/1901_3module/projects/Terrificus/config/initializers/filter_parameter_logging.rb": [
        null,
        null,
        null,
        1
      ],
      "/Users/earltstephens/turing/1901_3module/projects/Terrificus/config/initializers/inflections.rb": [
        null,
        null,
        null,
        null,
        null,
        null,
        null,
        null,
        null,
        null,
        null,
        null,
        null,
        null,
        null,
        null
      ],
      "/Users/earltstephens/turing/1901_3module/projects/Terrificus/config/initializers/mime_types.rb": [
        null,
        null,
        null,
        null
      ],
      "/Users/earltstephens/turing/1901_3module/projects/Terrificus/config/initializers/wrap_parameters.rb": [
        null,
        null,
        null,
        null,
        null,
        null,
        1,
        2,
        null,
        null,
        null,
        null,
        null,
        null
      ],
      "/Users/earltstephens/turing/1901_3module/projects/Terrificus/config/routes.rb": [
        1,
        null,
        null
      ],
      "/Users/earltstephens/turing/1901_3module/projects/Terrificus/app/helpers/application_helper.rb": [
        1,
        null
      ],
      "/Users/earltstephens/turing/1901_3module/projects/Terrificus/app/models/vacation.rb": [
        1,
        null,
        1,
        1,
        1,
        null,
        1,
        null,
        null,
        null,
        null,
        null
      ],
      "/Users/earltstephens/turing/1901_3module/projects/Terrificus/app/models/application_record.rb": [
        1,
        1,
        null
      ],
      "/Users/earltstephens/turing/1901_3module/projects/Terrificus/app/models/activity.rb": [
        1,
        null,
        1,
        null,
        null
      ],
      "/Users/earltstephens/turing/1901_3module/projects/Terrificus/app/models/vacation_user.rb": [
        1,
        null,
        1,
        1,
        null,
        null
      ],
      "/Users/earltstephens/turing/1901_3module/projects/Terrificus/app/models/user.rb": [
        1,
        null,
        null,
        null,
        null
      ]
    },
    "timestamp": 1558588191
  }
}
